@!@!@STARTMSG 2262:0 @!@!@
TLC2 Version 2.19 of 08 August 2024 (rev: 5a47802)
@!@!@ENDMSG 2262 @!@!@
@!@!@STARTMSG 2187:0 @!@!@
Running breadth-first search Model-Checking with fp 24 and seed -7960955262275538379 with 5 workers on 10 cores with 1214MB heap and 2730MB offheap memory [pid: 20431] (Mac OS X 10.16 x86_64, AdoptOpenJDK 14.0.1 x86_64, OffHeapDiskFPSet, DiskStateQueue).
@!@!@ENDMSG 2187 @!@!@
@!@!@STARTMSG 2220:0 @!@!@
Starting SANY...
@!@!@ENDMSG 2220 @!@!@
Parsing file /Users/jonasspenger/work/dare-project-tlaplus/PerfectPointToPointLinks/PerfectPointToPointLinks.toolbox/MC/MC.tla
Parsing file /Users/jonasspenger/work/dare-project-tlaplus/PerfectPointToPointLinks/PerfectPointToPointLinks.toolbox/MC/PerfectPointToPointLinks.tla
Parsing file /Applications/TLA+ Toolbox.app/Contents/Eclipse/plugins/org.lamport.tlatools_1.0.0.202408081326/tla2sany/StandardModules/TLC.tla
Parsing file /Applications/TLA+ Toolbox.app/Contents/Eclipse/plugins/org.lamport.tlatools_1.0.0.202408081326/tla2sany/StandardModules/Naturals.tla
Parsing file /usr/local/lib/tlaps/FiniteSets.tla
Parsing file /usr/local/lib/tlaps/TLAPS.tla
Parsing file /Applications/TLA+ Toolbox.app/Contents/Eclipse/plugins/org.lamport.tlatools_1.0.0.202408081326/tla2sany/StandardModules/Sequences.tla
Semantic processing of module Naturals
Semantic processing of module Sequences
Semantic processing of module FiniteSets
Semantic processing of module TLAPS
Semantic processing of module PerfectPointToPointLinks
Semantic processing of module TLC
Semantic processing of module MC
@!@!@STARTMSG 2219:0 @!@!@
SANY finished.
@!@!@ENDMSG 2219 @!@!@
@!@!@STARTMSG 2185:0 @!@!@
Starting... (2024-10-08 16:29:44)
@!@!@ENDMSG 2185 @!@!@
@!@!@STARTMSG 2212:0 @!@!@
Implied-temporal checking--satisfiability problem has 1 branches.
@!@!@ENDMSG 2212 @!@!@
@!@!@STARTMSG 2189:0 @!@!@
Computing initial states...
@!@!@ENDMSG 2189 @!@!@
@!@!@STARTMSG 2190:0 @!@!@
Finished computing initial states: 1 distinct state generated at 2024-10-08 16:29:45.
@!@!@ENDMSG 2190 @!@!@
@!@!@STARTMSG 2192:0 @!@!@
Checking temporal properties for the current state space with 21388 total distinct states at (2024-10-08 16:29:48)
@!@!@ENDMSG 2192 @!@!@
@!@!@STARTMSG 2267:0 @!@!@
Finished checking temporal properties in 00s at 2024-10-08 16:29:48
@!@!@ENDMSG 2267 @!@!@
@!@!@STARTMSG 2200:0 @!@!@
Progress(8) at 2024-10-08 16:29:48: 371 624 states generated (371 624 s/min), 91 834 distinct states found (91 834 ds/min), 70 480 states left on queue.
@!@!@ENDMSG 2200 @!@!@
@!@!@STARTMSG 2192:0 @!@!@
Checking temporal properties for the current state space with 668843 total distinct states at (2024-10-08 16:30:48)
@!@!@ENDMSG 2192 @!@!@
@!@!@STARTMSG 2267:0 @!@!@
Finished checking temporal properties in 08s at 2024-10-08 16:30:56
@!@!@ENDMSG 2267 @!@!@
@!@!@STARTMSG 2200:0 @!@!@
Progress(11) at 2024-10-08 16:30:56: 11 074 349 states generated (10 702 725 s/min), 1 853 436 distinct states found (1 761 602 ds/min), 1 184 592 states left on queue.
@!@!@ENDMSG 2200 @!@!@
@!@!@STARTMSG 2192:0 @!@!@
Checking temporal properties for the current state space with 1337181 total distinct states at (2024-10-08 16:31:56)
@!@!@ENDMSG 2192 @!@!@
@!@!@STARTMSG 2267:0 @!@!@
Finished checking temporal properties in 17s at 2024-10-08 16:32:13
@!@!@ENDMSG 2267 @!@!@
@!@!@STARTMSG 2200:0 @!@!@
Progress(11) at 2024-10-08 16:32:13: 21 863 488 states generated (10 789 139 s/min), 3 408 771 distinct states found (1 555 335 ds/min), 2 071 588 states left on queue.
@!@!@ENDMSG 2200 @!@!@
@!@!@STARTMSG 2192:0 @!@!@
Checking temporal properties for the current state space with 1987073 total distinct states at (2024-10-08 16:33:13)
@!@!@ENDMSG 2192 @!@!@
@!@!@STARTMSG 2267:0 @!@!@
Finished checking temporal properties in 25s at 2024-10-08 16:33:39
@!@!@ENDMSG 2267 @!@!@
@!@!@STARTMSG 2200:0 @!@!@
Progress(12) at 2024-10-08 16:33:39: 32 206 191 states generated (10 342 703 s/min), 4 850 073 distinct states found (1 441 302 ds/min), 2 862 994 states left on queue.
@!@!@ENDMSG 2200 @!@!@
@!@!@STARTMSG 2201:0 @!@!@
The coverage statistics at 2024-10-08 16:33:39
@!@!@ENDMSG 2201 @!@!@
@!@!@STARTMSG 2773:0 @!@!@
<PL_Init line 48, col 1 to line 48, col 7 of module PerfectPointToPointLinks>: 1:1
@!@!@ENDMSG 2773 @!@!@
@!@!@STARTMSG 2221:0 @!@!@
  line 49, col 5 to line 50, col 24 of module PerfectPointToPointLinks: 1
@!@!@ENDMSG 2221 @!@!@
@!@!@STARTMSG 2772:0 @!@!@
<pl_send line 26, col 1 to line 26, col 16 of module PerfectPointToPointLinks>: 3395732:22725744
@!@!@ENDMSG 2772 @!@!@
@!@!@STARTMSG 2221:0 @!@!@
  line 27, col 8 to line 27, col 18 of module PerfectPointToPointLinks: 58500663
@!@!@ENDMSG 2221 @!@!@
@!@!@STARTMSG 2221:0 @!@!@
  |line 27, col 8 to line 27, col 8 of module PerfectPointToPointLinks: 35774574
@!@!@ENDMSG 2221 @!@!@
@!@!@STARTMSG 2221:0 @!@!@
  |line 27, col 14 to line 27, col 18 of module PerfectPointToPointLinks: 35774598
@!@!@ENDMSG 2221 @!@!@
@!@!@STARTMSG 2221:0 @!@!@
  line 28, col 8 to line 28, col 18 of module PerfectPointToPointLinks: 58500738
@!@!@ENDMSG 2221 @!@!@
@!@!@STARTMSG 2221:0 @!@!@
  |line 28, col 8 to line 28, col 8 of module PerfectPointToPointLinks: 35774620
@!@!@ENDMSG 2221 @!@!@
@!@!@STARTMSG 2221:0 @!@!@
  |line 28, col 14 to line 28, col 18 of module PerfectPointToPointLinks: 35774625
@!@!@ENDMSG 2221 @!@!@
@!@!@STARTMSG 2221:0 @!@!@
  line 31, col 12 to line 31, col 28 of module PerfectPointToPointLinks: 58500762
@!@!@ENDMSG 2221 @!@!@
@!@!@STARTMSG 2221:0 @!@!@
  |line 31, col 12 to line 31, col 13 of module PerfectPointToPointLinks: 35774635
@!@!@ENDMSG 2221 @!@!@
@!@!@STARTMSG 2221:0 @!@!@
  ||line 29, col 18 to line 29, col 50 of module PerfectPointToPointLinks: 35774639
@!@!@ENDMSG 2221 @!@!@
@!@!@STARTMSG 2221:0 @!@!@
  |||line 29, col 19 to line 29, col 27 of module PerfectPointToPointLinks: 35774244
@!@!@ENDMSG 2221 @!@!@
@!@!@STARTMSG 2221:0 @!@!@
  |||line 29, col 30 to line 29, col 38 of module PerfectPointToPointLinks: 35774257
@!@!@ENDMSG 2221 @!@!@
@!@!@STARTMSG 2221:0 @!@!@
  |||line 29, col 41 to line 29, col 49 of module PerfectPointToPointLinks: 35774263
@!@!@ENDMSG 2221 @!@!@
@!@!@STARTMSG 2221:0 @!@!@
  |line 31, col 22 to line 31, col 28 of module PerfectPointToPointLinks: 35774657
@!@!@ENDMSG 2221 @!@!@
@!@!@STARTMSG 2221:0 @!@!@
  line 32, col 12 to line 32, col 41 of module PerfectPointToPointLinks: 22726148
@!@!@ENDMSG 2221 @!@!@
@!@!@STARTMSG 2221:0 @!@!@
  |line 32, col 23 to line 32, col 41 of module PerfectPointToPointLinks: 22726149
@!@!@ENDMSG 2221 @!@!@
@!@!@STARTMSG 2221:0 @!@!@
  ||line 32, col 23 to line 32, col 29 of module PerfectPointToPointLinks: 22726149
@!@!@ENDMSG 2221 @!@!@
@!@!@STARTMSG 2775:0 @!@!@
  ||line 32, col 38 to line 32, col 41 of module PerfectPointToPointLinks: 22726170:45453366
@!@!@ENDMSG 2775 @!@!@
@!@!@STARTMSG 2221:0 @!@!@
  |||line 32, col 39 to line 32, col 40 of module PerfectPointToPointLinks: 22726235
@!@!@ENDMSG 2221 @!@!@
@!@!@STARTMSG 2221:0 @!@!@
  ||||line 29, col 18 to line 29, col 50 of module PerfectPointToPointLinks: 22726289
@!@!@ENDMSG 2221 @!@!@
@!@!@STARTMSG 2221:0 @!@!@
  |||||line 29, col 19 to line 29, col 27 of module PerfectPointToPointLinks: 22726070
@!@!@ENDMSG 2221 @!@!@
@!@!@STARTMSG 2221:0 @!@!@
  |||||line 29, col 30 to line 29, col 38 of module PerfectPointToPointLinks: 22726092
@!@!@ENDMSG 2221 @!@!@
@!@!@STARTMSG 2221:0 @!@!@
  |||||line 29, col 41 to line 29, col 49 of module PerfectPointToPointLinks: 22726094
@!@!@ENDMSG 2221 @!@!@
@!@!@STARTMSG 2221:0 @!@!@
  line 33, col 12 to line 33, col 33 of module PerfectPointToPointLinks: 22726095
@!@!@ENDMSG 2221 @!@!@
@!@!@STARTMSG 2772:0 @!@!@
<pl_deliver line 36, col 1 to line 36, col 19 of module PerfectPointToPointLinks>: 1455026:9486709
@!@!@ENDMSG 2772 @!@!@
@!@!@STARTMSG 2221:0 @!@!@
  line 37, col 8 to line 37, col 18 of module PerfectPointToPointLinks: 45261863
@!@!@ENDMSG 2221 @!@!@
@!@!@STARTMSG 2221:0 @!@!@
  |line 37, col 8 to line 37, col 8 of module PerfectPointToPointLinks: 35775141
@!@!@ENDMSG 2221 @!@!@
@!@!@STARTMSG 2221:0 @!@!@
  |line 37, col 14 to line 37, col 18 of module PerfectPointToPointLinks: 35775183
@!@!@ENDMSG 2221 @!@!@
@!@!@STARTMSG 2221:0 @!@!@
  ||line 6, col 1 to line 6, col 9 of module MC: 35775347
@!@!@ENDMSG 2221 @!@!@
@!@!@STARTMSG 2221:0 @!@!@
  line 38, col 8 to line 38, col 18 of module PerfectPointToPointLinks: 45262541
@!@!@ENDMSG 2221 @!@!@
@!@!@STARTMSG 2221:0 @!@!@
  |line 38, col 8 to line 38, col 8 of module PerfectPointToPointLinks: 35775702
@!@!@ENDMSG 2221 @!@!@
@!@!@STARTMSG 2221:0 @!@!@
  |line 38, col 14 to line 38, col 18 of module PerfectPointToPointLinks: 35775702
@!@!@ENDMSG 2221 @!@!@
@!@!@STARTMSG 2221:0 @!@!@
  ||line 6, col 1 to line 6, col 9 of module MC: 35775794
@!@!@ENDMSG 2221 @!@!@
@!@!@STARTMSG 2221:0 @!@!@
  line 41, col 12 to line 41, col 25 of module PerfectPointToPointLinks: 45263238
@!@!@ENDMSG 2221 @!@!@
@!@!@STARTMSG 2221:0 @!@!@
  |line 41, col 12 to line 41, col 13 of module PerfectPointToPointLinks: 35776103
@!@!@ENDMSG 2221 @!@!@
@!@!@STARTMSG 2221:0 @!@!@
  ||line 39, col 18 to line 39, col 50 of module PerfectPointToPointLinks: 35776110
@!@!@ENDMSG 2221 @!@!@
@!@!@STARTMSG 2221:0 @!@!@
  |||line 39, col 19 to line 39, col 27 of module PerfectPointToPointLinks: 35775103
@!@!@ENDMSG 2221 @!@!@
@!@!@STARTMSG 2221:0 @!@!@
  |||line 39, col 30 to line 39, col 38 of module PerfectPointToPointLinks: 35775105
@!@!@ENDMSG 2221 @!@!@
@!@!@STARTMSG 2221:0 @!@!@
  |||line 39, col 41 to line 39, col 49 of module PerfectPointToPointLinks: 35775107
@!@!@ENDMSG 2221 @!@!@
@!@!@STARTMSG 2221:0 @!@!@
  |line 41, col 19 to line 41, col 25 of module PerfectPointToPointLinks: 35776116
@!@!@ENDMSG 2221 @!@!@
@!@!@STARTMSG 2221:0 @!@!@
  line 42, col 12 to line 42, col 33 of module PerfectPointToPointLinks: 22536315
@!@!@ENDMSG 2221 @!@!@
@!@!@STARTMSG 2221:0 @!@!@
  |line 42, col 12 to line 42, col 13 of module PerfectPointToPointLinks: 13049161
@!@!@ENDMSG 2221 @!@!@
@!@!@STARTMSG 2221:0 @!@!@
  ||line 39, col 18 to line 39, col 50 of module PerfectPointToPointLinks: 13049161
@!@!@ENDMSG 2221 @!@!@
@!@!@STARTMSG 2221:0 @!@!@
  |||line 39, col 19 to line 39, col 27 of module PerfectPointToPointLinks: 13048700
@!@!@ENDMSG 2221 @!@!@
@!@!@STARTMSG 2221:0 @!@!@
  |||line 39, col 30 to line 39, col 38 of module PerfectPointToPointLinks: 13048701
@!@!@ENDMSG 2221 @!@!@
@!@!@STARTMSG 2221:0 @!@!@
  |||line 39, col 41 to line 39, col 49 of module PerfectPointToPointLinks: 13048702
@!@!@ENDMSG 2221 @!@!@
@!@!@STARTMSG 2221:0 @!@!@
  |line 42, col 22 to line 42, col 33 of module PerfectPointToPointLinks: 13049166
@!@!@ENDMSG 2221 @!@!@
@!@!@STARTMSG 2221:0 @!@!@
  line 43, col 12 to line 43, col 51 of module PerfectPointToPointLinks: 9487161
@!@!@ENDMSG 2221 @!@!@
@!@!@STARTMSG 2221:0 @!@!@
  |line 43, col 28 to line 43, col 51 of module PerfectPointToPointLinks: 9487177
@!@!@ENDMSG 2221 @!@!@
@!@!@STARTMSG 2221:0 @!@!@
  line 44, col 12 to line 44, col 28 of module PerfectPointToPointLinks: 9486735
@!@!@ENDMSG 2221 @!@!@
@!@!@STARTMSG 2774:0 @!@!@
<PL_Inv_TypeInv line 67, col 1 to line 67, col 14 of module PerfectPointToPointLinks>
@!@!@ENDMSG 2774 @!@!@
@!@!@STARTMSG 2221:0 @!@!@
  line 68, col 5 to line 69, col 42 of module PerfectPointToPointLinks: 4850953
@!@!@ENDMSG 2221 @!@!@
@!@!@STARTMSG 2221:0 @!@!@
  |line 68, col 8 to line 68, col 32 of module PerfectPointToPointLinks: 4850954
@!@!@ENDMSG 2221 @!@!@
@!@!@STARTMSG 2221:0 @!@!@
  ||line 68, col 8 to line 68, col 14 of module PerfectPointToPointLinks: 4850954
@!@!@ENDMSG 2221 @!@!@
@!@!@STARTMSG 2221:0 @!@!@
  ||line 68, col 26 to line 68, col 32 of module PerfectPointToPointLinks: 4850954
@!@!@ENDMSG 2221 @!@!@
@!@!@STARTMSG 2221:0 @!@!@
  |line 69, col 8 to line 69, col 42 of module PerfectPointToPointLinks: 4850954
@!@!@ENDMSG 2221 @!@!@
@!@!@STARTMSG 2774:0 @!@!@
<Action line 79, col 7 to line 80, col 90 of module PerfectPointToPointLinks>
@!@!@ENDMSG 2774 @!@!@
@!@!@STARTMSG 2221:0 @!@!@
  line 79, col 7 to line 80, col 90 of module PerfectPointToPointLinks: 4851020
@!@!@ENDMSG 2221 @!@!@
@!@!@STARTMSG 2221:0 @!@!@
  |line 80, col 9 to line 80, col 90 of module PerfectPointToPointLinks: 87318360
@!@!@ENDMSG 2221 @!@!@
@!@!@STARTMSG 2221:0 @!@!@
  ||line 80, col 9 to line 80, col 58 of module PerfectPointToPointLinks: 87318360
@!@!@ENDMSG 2221 @!@!@
@!@!@STARTMSG 2221:0 @!@!@
  ||line 80, col 63 to line 80, col 90 of module PerfectPointToPointLinks: 10295245
@!@!@ENDMSG 2221 @!@!@
@!@!@STARTMSG 2221:0 @!@!@
  |||line 80, col 64 to line 80, col 90 of module PerfectPointToPointLinks: 10295246
@!@!@ENDMSG 2221 @!@!@
@!@!@STARTMSG 2221:0 @!@!@
  ||||line 37, col 8 to line 37, col 18 of module PerfectPointToPointLinks: 10295246
@!@!@ENDMSG 2221 @!@!@
@!@!@STARTMSG 2221:0 @!@!@
  |||||line 37, col 8 to line 37, col 8 of module PerfectPointToPointLinks: 10295246
@!@!@ENDMSG 2221 @!@!@
@!@!@STARTMSG 2221:0 @!@!@
  |||||line 37, col 14 to line 37, col 18 of module PerfectPointToPointLinks: 10295246
@!@!@ENDMSG 2221 @!@!@
@!@!@STARTMSG 2221:0 @!@!@
  ||||||line 6, col 1 to line 6, col 9 of module MC: 10295246
@!@!@ENDMSG 2221 @!@!@
@!@!@STARTMSG 2221:0 @!@!@
  ||||line 38, col 8 to line 38, col 18 of module PerfectPointToPointLinks: 10295246
@!@!@ENDMSG 2221 @!@!@
@!@!@STARTMSG 2221:0 @!@!@
  |||||line 38, col 8 to line 38, col 8 of module PerfectPointToPointLinks: 10295246
@!@!@ENDMSG 2221 @!@!@
@!@!@STARTMSG 2221:0 @!@!@
  |||||line 38, col 14 to line 38, col 18 of module PerfectPointToPointLinks: 10295246
@!@!@ENDMSG 2221 @!@!@
@!@!@STARTMSG 2221:0 @!@!@
  ||||line 39, col 18 to line 39, col 50 of module PerfectPointToPointLinks: 20590492
@!@!@ENDMSG 2221 @!@!@
@!@!@STARTMSG 2221:0 @!@!@
  ||||line 41, col 12 to line 41, col 25 of module PerfectPointToPointLinks: 10295246
@!@!@ENDMSG 2221 @!@!@
@!@!@STARTMSG 2221:0 @!@!@
  ||||line 42, col 12 to line 42, col 33 of module PerfectPointToPointLinks: 10295246
@!@!@ENDMSG 2221 @!@!@
@!@!@STARTMSG 2221:0 @!@!@
  ||||line 43, col 12 to line 43, col 51 of module PerfectPointToPointLinks: 0
@!@!@ENDMSG 2221 @!@!@
@!@!@STARTMSG 2221:0 @!@!@
  ||||line 44, col 12 to line 44, col 28 of module PerfectPointToPointLinks: 0
@!@!@ENDMSG 2221 @!@!@
@!@!@STARTMSG 2221:0 @!@!@
  ||||line 80, col 83 to line 80, col 83 of module PerfectPointToPointLinks: 30885738
@!@!@ENDMSG 2221 @!@!@
@!@!@STARTMSG 2221:0 @!@!@
  ||||line 80, col 86 to line 80, col 86 of module PerfectPointToPointLinks: 30885738
@!@!@ENDMSG 2221 @!@!@
@!@!@STARTMSG 2221:0 @!@!@
  ||||line 80, col 89 to line 80, col 89 of module PerfectPointToPointLinks: 20590492
@!@!@ENDMSG 2221 @!@!@
@!@!@STARTMSG 2221:0 @!@!@
  |line 79, col 16 to line 79, col 20 of module PerfectPointToPointLinks: 4851021
@!@!@ENDMSG 2221 @!@!@
@!@!@STARTMSG 2221:0 @!@!@
  |line 79, col 29 to line 79, col 33 of module PerfectPointToPointLinks: 4851021
@!@!@ENDMSG 2221 @!@!@
@!@!@STARTMSG 2221:0 @!@!@
  |line 79, col 42 to line 79, col 49 of module PerfectPointToPointLinks: 4851021
@!@!@ENDMSG 2221 @!@!@
@!@!@STARTMSG 2774:0 @!@!@
<Action line 84, col 26 to line 84, col 55 of module PerfectPointToPointLinks>
@!@!@ENDMSG 2774 @!@!@
@!@!@STARTMSG 2221:0 @!@!@
  line 84, col 26 to line 84, col 55 of module PerfectPointToPointLinks: 4851022
@!@!@ENDMSG 2221 @!@!@
@!@!@STARTMSG 2202:0 @!@!@
End of statistics.
@!@!@ENDMSG 2202 @!@!@
@!@!@STARTMSG 2200:0 @!@!@
Progress(12) at 2024-10-08 16:34:39: 42 863 136 states generated (10 656 945 s/min), 6 163 587 distinct states found (1 313 514 ds/min), 3 515 028 states left on queue.
@!@!@ENDMSG 2200 @!@!@
