@!@!@STARTMSG 2262:0 @!@!@
TLC2 Version 2.19 of 08 August 2024 (rev: 5a47802)
@!@!@ENDMSG 2262 @!@!@
@!@!@STARTMSG 2187:0 @!@!@
Running breadth-first search Model-Checking with fp 59 and seed -2732076868522310004 with 5 workers on 10 cores with 1214MB heap and 2730MB offheap memory [pid: 2532] (Mac OS X 10.16 x86_64, AdoptOpenJDK 14.0.1 x86_64, OffHeapDiskFPSet, DiskStateQueue).
@!@!@ENDMSG 2187 @!@!@
@!@!@STARTMSG 2220:0 @!@!@
Starting SANY...
@!@!@ENDMSG 2220 @!@!@
Parsing file /Users/jonasspenger/work/dare-project-tlaplus/Broadcast/BestEffortBroadcast.toolbox/MC/MC.tla
Parsing file /Users/jonasspenger/work/dare-project-tlaplus/Broadcast/BestEffortBroadcast.toolbox/MC/BestEffortBroadcast.tla
Parsing file /Applications/TLA+ Toolbox.app/Contents/Eclipse/plugins/org.lamport.tlatools_1.0.0.202408081326/tla2sany/StandardModules/TLC.tla
Parsing file /Applications/TLA+ Toolbox.app/Contents/Eclipse/plugins/org.lamport.tlatools_1.0.0.202408081326/tla2sany/StandardModules/Naturals.tla
Parsing file /usr/local/lib/tlaps/FiniteSets.tla
Parsing file /Applications/TLA+ Toolbox.app/Contents/Eclipse/plugins/org.lamport.tlatools_1.0.0.202408081326/tla2sany/StandardModules/Sequences.tla
Semantic processing of module Naturals
Semantic processing of module Sequences
Semantic processing of module FiniteSets
Semantic processing of module BestEffortBroadcast
Semantic processing of module TLC
Semantic processing of module MC
@!@!@STARTMSG 2219:0 @!@!@
SANY finished.
@!@!@ENDMSG 2219 @!@!@
@!@!@STARTMSG 2185:0 @!@!@
Starting... (2024-10-09 11:12:13)
@!@!@ENDMSG 2185 @!@!@
@!@!@STARTMSG 2189:0 @!@!@
Computing initial states...
@!@!@ENDMSG 2189 @!@!@
@!@!@STARTMSG 2190:0 @!@!@
Finished computing initial states: 1 distinct state generated at 2024-10-09 11:12:13.
@!@!@ENDMSG 2190 @!@!@
@!@!@STARTMSG 1000:1 @!@!@
TLC threw an unexpected exception.
This was probably caused by an error in the spec or model.
See the User Output or TLC Console for clues to what happened.
The exception was a java.lang.RuntimeException
: Attempted to compare integer 1 with non-integer:
[sdr |-> 2, msg |-> 1]
@!@!@ENDMSG 1000 @!@!@
@!@!@STARTMSG 2121:1 @!@!@
The behavior up to this point is:
@!@!@ENDMSG 2121 @!@!@
@!@!@STARTMSG 2217:4 @!@!@
1: <Initial predicate>
/\ pl_delivered = {}
/\ pl_sent = {}

@!@!@ENDMSG 2217 @!@!@
@!@!@STARTMSG 2217:4 @!@!@
2: <pl_bcast_send line 39, col 5 to line 45, col 37 of module BestEffortBroadcast>
/\ pl_delivered = {}
/\ pl_sent = { [sdr |-> 2, msg |-> [sdr |-> 2, msg |-> 1], rcv |-> 1],
  [sdr |-> 2, msg |-> [sdr |-> 2, msg |-> 1], rcv |-> 2] }

@!@!@ENDMSG 2217 @!@!@
@!@!@STARTMSG 2147:1 @!@!@
TLC was unable to fingerprint.

Fingerprint Stack Trace:
0) line 59, col 18 to line 59, col 50 of module BestEffortBroadcast

Reason:
Attempted to compare integer 1 with non-integer:
[sdr |-> 2, msg |-> 1]
@!@!@ENDMSG 2147 @!@!@
@!@!@STARTMSG 2201:0 @!@!@
The coverage statistics at 2024-10-09 11:12:13
@!@!@ENDMSG 2201 @!@!@
@!@!@STARTMSG 2773:0 @!@!@
<Init line 91, col 1 to line 91, col 4 of module BestEffortBroadcast>: 2:2
@!@!@ENDMSG 2773 @!@!@
@!@!@STARTMSG 2221:0 @!@!@
  line 92, col 5 to line 92, col 14 of module BestEffortBroadcast: 2
@!@!@ENDMSG 2221 @!@!@
@!@!@STARTMSG 2772:0 @!@!@
<pl_bcast_send line 38, col 1 to line 38, col 23 of module BestEffortBroadcast>: 8:18
@!@!@ENDMSG 2772 @!@!@
@!@!@STARTMSG 2221:0 @!@!@
  line 39, col 8 to line 39, col 18 of module BestEffortBroadcast: 40
@!@!@ENDMSG 2221 @!@!@
@!@!@STARTMSG 2221:0 @!@!@
  |line 39, col 8 to line 39, col 8 of module BestEffortBroadcast: 22
@!@!@ENDMSG 2221 @!@!@
@!@!@STARTMSG 2221:0 @!@!@
  |line 39, col 14 to line 39, col 18 of module BestEffortBroadcast: 22
@!@!@ENDMSG 2221 @!@!@
@!@!@STARTMSG 2221:0 @!@!@
  line 40, col 8 to line 40, col 25 of module BestEffortBroadcast: 40
@!@!@ENDMSG 2221 @!@!@
@!@!@STARTMSG 2221:0 @!@!@
  |line 40, col 8 to line 40, col 9 of module BestEffortBroadcast: 22
@!@!@ENDMSG 2221 @!@!@
@!@!@STARTMSG 2221:0 @!@!@
  |line 40, col 21 to line 40, col 25 of module BestEffortBroadcast: 22
@!@!@ENDMSG 2221 @!@!@
@!@!@STARTMSG 2221:0 @!@!@
  line 43, col 32 to line 43, col 48 of module BestEffortBroadcast: 76
@!@!@ENDMSG 2221 @!@!@
@!@!@STARTMSG 2221:0 @!@!@
  |line 43, col 32 to line 43, col 33 of module BestEffortBroadcast: 40
@!@!@ENDMSG 2221 @!@!@
@!@!@STARTMSG 2221:0 @!@!@
  |line 43, col 42 to line 43, col 48 of module BestEffortBroadcast: 40
@!@!@ENDMSG 2221 @!@!@
@!@!@STARTMSG 2221:0 @!@!@
  line 43, col 26 to line 43, col 28 of module BestEffortBroadcast: 22
@!@!@ENDMSG 2221 @!@!@
@!@!@STARTMSG 2775:0 @!@!@
  |line 41, col 19 to line 41, col 65 of module BestEffortBroadcast: 22:66
@!@!@ENDMSG 2775 @!@!@
@!@!@STARTMSG 2221:0 @!@!@
  ||line 41, col 20 to line 41, col 52 of module BestEffortBroadcast: 44
@!@!@ENDMSG 2221 @!@!@
@!@!@STARTMSG 2221:0 @!@!@
  ||line 41, col 62 to line 41, col 63 of module BestEffortBroadcast: 22
@!@!@ENDMSG 2221 @!@!@
@!@!@STARTMSG 2221:0 @!@!@
  line 44, col 16 to line 44, col 44 of module BestEffortBroadcast: 18
@!@!@ENDMSG 2221 @!@!@
@!@!@STARTMSG 2221:0 @!@!@
  |line 44, col 27 to line 44, col 44 of module BestEffortBroadcast: 18
@!@!@ENDMSG 2221 @!@!@
@!@!@STARTMSG 2221:0 @!@!@
  ||line 44, col 27 to line 44, col 33 of module BestEffortBroadcast: 18
@!@!@ENDMSG 2221 @!@!@
@!@!@STARTMSG 2221:0 @!@!@
  ||line 44, col 42 to line 44, col 44 of module BestEffortBroadcast: 18
@!@!@ENDMSG 2221 @!@!@
@!@!@STARTMSG 2775:0 @!@!@
  |||line 41, col 19 to line 41, col 65 of module BestEffortBroadcast: 18:36
@!@!@ENDMSG 2775 @!@!@
@!@!@STARTMSG 2221:0 @!@!@
  ||||line 41, col 20 to line 41, col 52 of module BestEffortBroadcast: 36
@!@!@ENDMSG 2221 @!@!@
@!@!@STARTMSG 2221:0 @!@!@
  ||||line 41, col 62 to line 41, col 63 of module BestEffortBroadcast: 18
@!@!@ENDMSG 2221 @!@!@
@!@!@STARTMSG 2221:0 @!@!@
  line 45, col 16 to line 45, col 37 of module BestEffortBroadcast: 18
@!@!@ENDMSG 2221 @!@!@
@!@!@STARTMSG 2772:0 @!@!@
<pl_deliver line 56, col 1 to line 56, col 19 of module BestEffortBroadcast>: 0:0
@!@!@ENDMSG 2772 @!@!@
@!@!@STARTMSG 2221:0 @!@!@
  line 57, col 8 to line 57, col 18 of module BestEffortBroadcast: 21
@!@!@ENDMSG 2221 @!@!@
@!@!@STARTMSG 2221:0 @!@!@
  line 58, col 8 to line 58, col 18 of module BestEffortBroadcast: 21
@!@!@ENDMSG 2221 @!@!@
@!@!@STARTMSG 2221:0 @!@!@
  line 61, col 12 to line 61, col 25 of module BestEffortBroadcast: 21
@!@!@ENDMSG 2221 @!@!@
@!@!@STARTMSG 2221:0 @!@!@
  line 63, col 12 to line 63, col 51 of module BestEffortBroadcast: 0
@!@!@ENDMSG 2221 @!@!@
@!@!@STARTMSG 2221:0 @!@!@
  line 64, col 12 to line 64, col 28 of module BestEffortBroadcast: 0
@!@!@ENDMSG 2221 @!@!@
@!@!@STARTMSG 2774:0 @!@!@
<TypeInv line 106, col 1 to line 106, col 7 of module BestEffortBroadcast>
@!@!@ENDMSG 2774 @!@!@
@!@!@STARTMSG 2221:0 @!@!@
  line 107, col 5 to line 108, col 42 of module BestEffortBroadcast: 9
@!@!@ENDMSG 2221 @!@!@
@!@!@STARTMSG 2202:0 @!@!@
End of statistics.
@!@!@ENDMSG 2202 @!@!@
@!@!@STARTMSG 2200:0 @!@!@
Progress(3) at 2024-10-09 11:12:13: 15 states generated (686 s/min), 9 distinct states found (411 ds/min), 3 states left on queue.
@!@!@ENDMSG 2200 @!@!@
@!@!@STARTMSG 2199:0 @!@!@
15 states generated, 9 distinct states found, 3 states left on queue.
@!@!@ENDMSG 2199 @!@!@
@!@!@STARTMSG 2186:0 @!@!@
Finished in 1329ms at (2024-10-09 11:12:13)
@!@!@ENDMSG 2186 @!@!@
