@!@!@STARTMSG 2262:0 @!@!@
TLC2 Version 2.20 of Day Month 20?? (rev: 9fc0166)
@!@!@ENDMSG 2262 @!@!@
@!@!@STARTMSG 2187:0 @!@!@
Running breadth-first search Model-Checking with fp 57 and seed 7220418777203474846 with 1 worker on 10 cores with 3641MB heap and 64MB offheap memory [pid: 14152] (Mac OS X 14.6.1 aarch64, Amazon.com Inc. 11.0.21 x86_64, MSBDiskFPSet, DiskStateQueue).
@!@!@ENDMSG 2187 @!@!@
@!@!@STARTMSG 2220:0 @!@!@
Starting SANY...
@!@!@ENDMSG 2220 @!@!@
Parsing file /Users/jonasspenger/work/dare-project-tlaplus/Broadcast/FIFOBroadcast.tla
Parsing file /private/var/folders/tk/4dct8fcx1nqbzrrnljm9_8c80000gn/T/tlc-12444160917550339902/Naturals.tla (jar:file:/Users/jonasspenger/.vscode/extensions/tlaplus.vscode-ide-2024.10.81803/tools/tla2tools.jar!/tla2sany/StandardModules/Naturals.tla)
Parsing file /private/var/folders/tk/4dct8fcx1nqbzrrnljm9_8c80000gn/T/tlc-12444160917550339902/FiniteSets.tla (jar:file:/Users/jonasspenger/.vscode/extensions/tlaplus.vscode-ide-2024.10.81803/tools/tla2tools.jar!/tla2sany/StandardModules/FiniteSets.tla)
Parsing file /private/var/folders/tk/4dct8fcx1nqbzrrnljm9_8c80000gn/T/tlc-12444160917550339902/Bags.tla (jar:file:/Users/jonasspenger/.vscode/extensions/tlaplus.vscode-ide-2024.10.81803/tools/tla2tools.jar!/tla2sany/StandardModules/Bags.tla)
Parsing file /private/var/folders/tk/4dct8fcx1nqbzrrnljm9_8c80000gn/T/tlc-12444160917550339902/TLC.tla (jar:file:/Users/jonasspenger/.vscode/extensions/tlaplus.vscode-ide-2024.10.81803/tools/tla2tools.jar!/tla2sany/StandardModules/TLC.tla)
Parsing file /private/var/folders/tk/4dct8fcx1nqbzrrnljm9_8c80000gn/T/tlc-12444160917550339902/Sequences.tla (jar:file:/Users/jonasspenger/.vscode/extensions/tlaplus.vscode-ide-2024.10.81803/tools/tla2tools.jar!/tla2sany/StandardModules/Sequences.tla)
Semantic processing of module Naturals
Semantic processing of module Sequences
Semantic processing of module FiniteSets
Semantic processing of module TLC
Semantic processing of module Bags
Semantic processing of module FIFOBroadcast
@!@!@STARTMSG 2219:0 @!@!@
SANY finished.
@!@!@ENDMSG 2219 @!@!@
@!@!@STARTMSG 2185:0 @!@!@
Starting... (2024-10-10 11:28:30)
@!@!@ENDMSG 2185 @!@!@
@!@!@STARTMSG 2212:0 @!@!@
Implied-temporal checking--satisfiability problem has 1 branches.
@!@!@ENDMSG 2212 @!@!@
@!@!@STARTMSG 2189:0 @!@!@
Computing initial states...
@!@!@ENDMSG 2189 @!@!@
@!@!@STARTMSG 2190:0 @!@!@
Finished computing initial states: 1 distinct state generated at 2024-10-10 11:28:30.
@!@!@ENDMSG 2190 @!@!@
@!@!@STARTMSG 2192:0 @!@!@
Checking temporal properties for the current state space with 7858 total distinct states at (2024-10-10 11:28:33)
@!@!@ENDMSG 2192 @!@!@
@!@!@STARTMSG 2267:0 @!@!@
Finished checking temporal properties in 00s at 2024-10-10 11:28:33
@!@!@ENDMSG 2267 @!@!@
@!@!@STARTMSG 2200:0 @!@!@
Progress(8) at 2024-10-10 11:28:33: 135 544 states generated (135 544 s/min), 7 858 distinct states found (7 858 ds/min), 4 024 states left on queue.
@!@!@ENDMSG 2200 @!@!@
@!@!@STARTMSG 2200:0 @!@!@
Progress(14) at 2024-10-10 11:28:44: 530 803 states generated, 27 422 distinct states found, 0 states left on queue.
@!@!@ENDMSG 2200 @!@!@
@!@!@STARTMSG 2192:0 @!@!@
Checking temporal properties for the complete state space with 27422 total distinct states at (2024-10-10 11:28:44)
@!@!@ENDMSG 2192 @!@!@
@!@!@STARTMSG 2267:0 @!@!@
Finished checking temporal properties in 00s at 2024-10-10 11:28:45
@!@!@ENDMSG 2267 @!@!@
@!@!@STARTMSG 2193:0 @!@!@
Model checking completed. No error has been found.
  Estimates of the probability that TLC did not check all reachable states
  because two distinct states had the same fingerprint:
  calculated (optimistic):  val = 7.5E-10
  based on the actual fingerprints:  val = 6.2E-10
@!@!@ENDMSG 2193 @!@!@
@!@!@STARTMSG 2200:0 @!@!@
Progress(14) at 2024-10-10 11:28:45: 530 803 states generated (2 060 304 s/min), 27 422 distinct states found (106 438 ds/min), 0 states left on queue.
@!@!@ENDMSG 2200 @!@!@
@!@!@STARTMSG 2199:0 @!@!@
530803 states generated, 27422 distinct states found, 0 states left on queue.
@!@!@ENDMSG 2199 @!@!@
@!@!@STARTMSG 2194:0 @!@!@
The depth of the complete state graph search is 14.
@!@!@ENDMSG 2194 @!@!@
@!@!@STARTMSG 2268:0 @!@!@
The average outdegree of the complete state graph is 1 (minimum is 0, the maximum 10 and the 95th percentile is 3).
@!@!@ENDMSG 2268 @!@!@
@!@!@STARTMSG 2186:0 @!@!@
Finished in 15460ms at (2024-10-10 11:28:45)
@!@!@ENDMSG 2186 @!@!@
