@!@!@STARTMSG 2262:0 @!@!@
TLC2 Version 2.19 of 08 August 2024 (rev: 5a47802)
@!@!@ENDMSG 2262 @!@!@
@!@!@STARTMSG 2187:0 @!@!@
Running breadth-first search Model-Checking with fp 3 and seed 9066845211242171645 with 5 workers on 10 cores with 1214MB heap and 2730MB offheap memory [pid: 27115] (Mac OS X 10.16 x86_64, AdoptOpenJDK 14.0.1 x86_64, OffHeapDiskFPSet, DiskStateQueue).
@!@!@ENDMSG 2187 @!@!@
@!@!@STARTMSG 2220:0 @!@!@
Starting SANY...
@!@!@ENDMSG 2220 @!@!@
Parsing file /Users/jonasspenger/work/dare-project-tlaplus/Broadcast/FIFOBroadcast.toolbox/MC/MC.tla
Parsing file /Users/jonasspenger/work/dare-project-tlaplus/Broadcast/FIFOBroadcast.toolbox/MC/FIFOBroadcast.tla
Parsing file /Applications/TLA+ Toolbox.app/Contents/Eclipse/plugins/org.lamport.tlatools_1.0.0.202408081326/tla2sany/StandardModules/TLC.tla
Parsing file /Applications/TLA+ Toolbox.app/Contents/Eclipse/plugins/org.lamport.tlatools_1.0.0.202408081326/tla2sany/StandardModules/Naturals.tla
Parsing file /usr/local/lib/tlaps/FiniteSets.tla
Parsing file /usr/local/lib/tlaps/Bags.tla
Parsing file /usr/local/lib/tlaps/TLAPS.tla
Parsing file /usr/local/lib/tlaps/FiniteSetTheorems.tla
Parsing file /usr/local/lib/tlaps/SequenceTheorems.tla
Parsing file /Applications/TLA+ Toolbox.app/Contents/Eclipse/plugins/org.lamport.tlatools_1.0.0.202408081326/tla2sany/StandardModules/Integers.tla
Parsing file /usr/local/lib/tlaps/Functions.tla
Parsing file /usr/local/lib/tlaps/WellFoundedInduction.tla
Parsing file /usr/local/lib/tlaps/NaturalsInduction.tla
Parsing file /Applications/TLA+ Toolbox.app/Contents/Eclipse/plugins/org.lamport.tlatools_1.0.0.202408081326/tla2sany/StandardModules/Sequences.tla
Semantic processing of module Naturals
Semantic processing of module Sequences
Semantic processing of module FiniteSets
Semantic processing of module TLC
Semantic processing of module TLAPS
Semantic processing of module Integers
Semantic processing of module Functions
Semantic processing of module NaturalsInduction
Semantic processing of module WellFoundedInduction
Semantic processing of module FiniteSetTheorems
Semantic processing of module SequenceTheorems
Semantic processing of module Bags
Semantic processing of module FIFOBroadcast
Semantic processing of module MC
@!@!@STARTMSG 2219:0 @!@!@
SANY finished.
@!@!@ENDMSG 2219 @!@!@
@!@!@STARTMSG 2185:0 @!@!@
Starting... (2024-10-10 14:18:03)
@!@!@ENDMSG 2185 @!@!@
@!@!@STARTMSG 2212:0 @!@!@
Implied-temporal checking--satisfiability problem has 1 branches.
@!@!@ENDMSG 2212 @!@!@
@!@!@STARTMSG 2189:0 @!@!@
Computing initial states...
@!@!@ENDMSG 2189 @!@!@
@!@!@STARTMSG 2190:0 @!@!@
Finished computing initial states: 1 distinct state generated at 2024-10-10 14:18:04.
@!@!@ENDMSG 2190 @!@!@
@!@!@STARTMSG 2192:0 @!@!@
Checking temporal properties for the current state space with 7273 total distinct states at (2024-10-10 14:18:07)
@!@!@ENDMSG 2192 @!@!@
@!@!@STARTMSG 2267:0 @!@!@
Finished checking temporal properties in 00s at 2024-10-10 14:18:07
@!@!@ENDMSG 2267 @!@!@
@!@!@STARTMSG 2200:0 @!@!@
Progress(9) at 2024-10-10 14:18:07: 119 161 states generated (119 161 s/min), 7 273 distinct states found (7 273 ds/min), 3 824 states left on queue.
@!@!@ENDMSG 2200 @!@!@
@!@!@STARTMSG 2200:0 @!@!@
Progress(14) at 2024-10-10 14:18:13: 530 803 states generated, 27 422 distinct states found, 0 states left on queue.
@!@!@ENDMSG 2200 @!@!@
@!@!@STARTMSG 2192:0 @!@!@
Checking temporal properties for the complete state space with 27422 total distinct states at (2024-10-10 14:18:13)
@!@!@ENDMSG 2192 @!@!@
@!@!@STARTMSG 2267:0 @!@!@
Finished checking temporal properties in 01s at 2024-10-10 14:18:14
@!@!@ENDMSG 2267 @!@!@
@!@!@STARTMSG 2193:0 @!@!@
Model checking completed. No error has been found.
  Estimates of the probability that TLC did not check all reachable states
  because two distinct states had the same fingerprint:
  calculated (optimistic):  val = 7.5E-10
  based on the actual fingerprints:  val = 4.8E-10
@!@!@ENDMSG 2193 @!@!@
@!@!@STARTMSG 2201:0 @!@!@
The coverage statistics at 2024-10-10 14:18:15
@!@!@ENDMSG 2201 @!@!@
@!@!@STARTMSG 2773:0 @!@!@
<Init line 159, col 1 to line 159, col 4 of module FIFOBroadcast>: 1:1
@!@!@ENDMSG 2773 @!@!@
@!@!@STARTMSG 2221:0 @!@!@
  line 160, col 5 to line 161, col 15 of module FIFOBroadcast: 1
@!@!@ENDMSG 2221 @!@!@
@!@!@STARTMSG 2772:0 @!@!@
<beb_broadcast line 121, col 1 to line 121, col 19 of module FIFOBroadcast>: 2744:82377
@!@!@ENDMSG 2772 @!@!@
@!@!@STARTMSG 2221:0 @!@!@
  line 122, col 8 to line 122, col 32 of module FIFOBroadcast: 2310849
@!@!@ENDMSG 2221 @!@!@
@!@!@STARTMSG 2221:0 @!@!@
  |line 122, col 8 to line 122, col 8 of module FIFOBroadcast: 2228472
@!@!@ENDMSG 2221 @!@!@
@!@!@STARTMSG 2221:0 @!@!@
  |line 122, col 17 to line 122, col 32 of module FIFOBroadcast: 2228472
@!@!@ENDMSG 2221 @!@!@
@!@!@STARTMSG 2221:0 @!@!@
  line 123, col 8 to line 123, col 25 of module FIFOBroadcast: 180981
@!@!@ENDMSG 2221 @!@!@
@!@!@STARTMSG 2221:0 @!@!@
  |line 123, col 8 to line 123, col 8 of module FIFOBroadcast: 98604
@!@!@ENDMSG 2221 @!@!@
@!@!@STARTMSG 2221:0 @!@!@
  |line 123, col 17 to line 123, col 25 of module FIFOBroadcast: 98604
@!@!@ENDMSG 2221 @!@!@
@!@!@STARTMSG 2221:0 @!@!@
  line 54, col 8 to line 54, col 18 of module FIFOBroadcast: 164754
@!@!@ENDMSG 2221 @!@!@
@!@!@STARTMSG 2221:0 @!@!@
  |line 54, col 8 to line 54, col 8 of module FIFOBroadcast: 82377
@!@!@ENDMSG 2221 @!@!@
@!@!@STARTMSG 2221:0 @!@!@
  |line 54, col 14 to line 54, col 18 of module FIFOBroadcast: 82377
@!@!@ENDMSG 2221 @!@!@
@!@!@STARTMSG 2221:0 @!@!@
  line 55, col 8 to line 55, col 25 of module FIFOBroadcast: 164754
@!@!@ENDMSG 2221 @!@!@
@!@!@STARTMSG 2221:0 @!@!@
  |line 55, col 8 to line 55, col 9 of module FIFOBroadcast: 82377
@!@!@ENDMSG 2221 @!@!@
@!@!@STARTMSG 2221:0 @!@!@
  |line 55, col 21 to line 55, col 25 of module FIFOBroadcast: 82377
@!@!@ENDMSG 2221 @!@!@
@!@!@STARTMSG 2221:0 @!@!@
  line 58, col 32 to line 58, col 48 of module FIFOBroadcast: 494262
@!@!@ENDMSG 2221 @!@!@
@!@!@STARTMSG 2221:0 @!@!@
  |line 58, col 32 to line 58, col 33 of module FIFOBroadcast: 247131
@!@!@ENDMSG 2221 @!@!@
@!@!@STARTMSG 2221:0 @!@!@
  |line 58, col 42 to line 58, col 48 of module FIFOBroadcast: 247131
@!@!@ENDMSG 2221 @!@!@
@!@!@STARTMSG 2221:0 @!@!@
  line 58, col 26 to line 58, col 28 of module FIFOBroadcast: 82377
@!@!@ENDMSG 2221 @!@!@
@!@!@STARTMSG 2775:0 @!@!@
  |line 56, col 19 to line 56, col 65 of module FIFOBroadcast: 82377:329508
@!@!@ENDMSG 2775 @!@!@
@!@!@STARTMSG 2221:0 @!@!@
  ||line 56, col 20 to line 56, col 52 of module FIFOBroadcast: 247131
@!@!@ENDMSG 2221 @!@!@
@!@!@STARTMSG 2221:0 @!@!@
  ||line 56, col 62 to line 56, col 63 of module FIFOBroadcast: 82377
@!@!@ENDMSG 2221 @!@!@
@!@!@STARTMSG 2221:0 @!@!@
  line 59, col 16 to line 59, col 44 of module FIFOBroadcast: 82377
@!@!@ENDMSG 2221 @!@!@
@!@!@STARTMSG 2221:0 @!@!@
  |line 59, col 27 to line 59, col 44 of module FIFOBroadcast: 82377
@!@!@ENDMSG 2221 @!@!@
@!@!@STARTMSG 2221:0 @!@!@
  ||line 59, col 27 to line 59, col 33 of module FIFOBroadcast: 82377
@!@!@ENDMSG 2221 @!@!@
@!@!@STARTMSG 2221:0 @!@!@
  ||line 59, col 42 to line 59, col 44 of module FIFOBroadcast: 82377
@!@!@ENDMSG 2221 @!@!@
@!@!@STARTMSG 2775:0 @!@!@
  |||line 56, col 19 to line 56, col 65 of module FIFOBroadcast: 82377:329544
@!@!@ENDMSG 2775 @!@!@
@!@!@STARTMSG 2221:0 @!@!@
  ||||line 56, col 20 to line 56, col 52 of module FIFOBroadcast: 247131
@!@!@ENDMSG 2221 @!@!@
@!@!@STARTMSG 2221:0 @!@!@
  ||||line 56, col 62 to line 56, col 63 of module FIFOBroadcast: 82377
@!@!@ENDMSG 2221 @!@!@
@!@!@STARTMSG 2221:0 @!@!@
  line 60, col 16 to line 60, col 37 of module FIFOBroadcast: 82377
@!@!@ENDMSG 2221 @!@!@
@!@!@STARTMSG 2221:0 @!@!@
  line 127, col 27 to line 127, col 27 of module FIFOBroadcast: 82377
@!@!@ENDMSG 2221 @!@!@
@!@!@STARTMSG 2221:0 @!@!@
  line 127, col 30 to line 127, col 31 of module FIFOBroadcast: 82377
@!@!@ENDMSG 2221 @!@!@
@!@!@STARTMSG 2221:0 @!@!@
  line 127, col 34 to line 127, col 39 of module FIFOBroadcast: 82377
@!@!@ENDMSG 2221 @!@!@
@!@!@STARTMSG 2221:0 @!@!@
  line 128, col 8 to line 128, col 54 of module FIFOBroadcast: 82377
@!@!@ENDMSG 2221 @!@!@
@!@!@STARTMSG 2221:0 @!@!@
  line 129, col 8 to line 129, col 67 of module FIFOBroadcast: 82377
@!@!@ENDMSG 2221 @!@!@
@!@!@STARTMSG 2221:0 @!@!@
  line 130, col 8 to line 130, col 103 of module FIFOBroadcast: 82377
@!@!@ENDMSG 2221 @!@!@
@!@!@STARTMSG 2221:0 @!@!@
  |line 130, col 26 to line 130, col 103 of module FIFOBroadcast: 82377
@!@!@ENDMSG 2221 @!@!@
@!@!@STARTMSG 2221:0 @!@!@
  ||line 130, col 26 to line 130, col 39 of module FIFOBroadcast: 82377
@!@!@ENDMSG 2221 @!@!@
@!@!@STARTMSG 2221:0 @!@!@
  ||line 130, col 45 to line 130, col 103 of module FIFOBroadcast: 82377
@!@!@ENDMSG 2221 @!@!@
@!@!@STARTMSG 2221:0 @!@!@
  |||line 130, col 54 to line 130, col 102 of module FIFOBroadcast: 82377
@!@!@ENDMSG 2221 @!@!@
@!@!@STARTMSG 2221:0 @!@!@
  ||||line 130, col 55 to line 130, col 87 of module FIFOBroadcast: 247131
@!@!@ENDMSG 2221 @!@!@
@!@!@STARTMSG 2221:0 @!@!@
  ||||line 130, col 97 to line 130, col 101 of module FIFOBroadcast: 82377
@!@!@ENDMSG 2221 @!@!@
@!@!@STARTMSG 2221:0 @!@!@
  line 131, col 8 to line 131, col 46 of module FIFOBroadcast: 82377
@!@!@ENDMSG 2221 @!@!@
@!@!@STARTMSG 2772:0 @!@!@
<beb_deliver line 134, col 1 to line 134, col 24 of module FIFOBroadcast>: 19055:80566
@!@!@ENDMSG 2772 @!@!@
@!@!@STARTMSG 2221:0 @!@!@
  line 136, col 12 to line 136, col 17 of module FIFOBroadcast: 2292388
@!@!@ENDMSG 2221 @!@!@
@!@!@STARTMSG 2221:0 @!@!@
  |line 136, col 12 to line 136, col 13 of module FIFOBroadcast: 2228472
@!@!@ENDMSG 2221 @!@!@
@!@!@STARTMSG 2221:0 @!@!@
  line 137, col 12 to line 137, col 17 of module FIFOBroadcast: 16650
@!@!@ENDMSG 2221 @!@!@
@!@!@STARTMSG 2221:0 @!@!@
  |line 137, col 12 to line 137, col 13 of module FIFOBroadcast: 2228472
@!@!@ENDMSG 2221 @!@!@
@!@!@STARTMSG 2221:0 @!@!@
  line 137, col 22 to line 137, col 113 of module FIFOBroadcast: 1502298
@!@!@ENDMSG 2221 @!@!@
@!@!@STARTMSG 2221:0 @!@!@
  |line 137, col 22 to line 137, col 47 of module FIFOBroadcast: 1485648
@!@!@ENDMSG 2221 @!@!@
@!@!@STARTMSG 2221:0 @!@!@
  |line 137, col 53 to line 137, col 113 of module FIFOBroadcast: 1485648
@!@!@ENDMSG 2221 @!@!@
@!@!@STARTMSG 2221:0 @!@!@
  ||line 137, col 54 to line 137, col 81 of module FIFOBroadcast: 2124792
@!@!@ENDMSG 2221 @!@!@
@!@!@STARTMSG 2221:0 @!@!@
  ||line 137, col 91 to line 137, col 111 of module FIFOBroadcast: 1485648
@!@!@ENDMSG 2221 @!@!@
@!@!@STARTMSG 2221:0 @!@!@
  line 138, col 8 to line 138, col 25 of module FIFOBroadcast: 1172338
@!@!@ENDMSG 2221 @!@!@
@!@!@STARTMSG 2221:0 @!@!@
  |line 138, col 8 to line 138, col 8 of module FIFOBroadcast: 1091772
@!@!@ENDMSG 2221 @!@!@
@!@!@STARTMSG 2221:0 @!@!@
  |line 138, col 17 to line 138, col 25 of module FIFOBroadcast: 1091772
@!@!@ENDMSG 2221 @!@!@
@!@!@STARTMSG 2221:0 @!@!@
  line 73, col 8 to line 73, col 18 of module FIFOBroadcast: 990619
@!@!@ENDMSG 2221 @!@!@
@!@!@STARTMSG 2221:0 @!@!@
  |line 73, col 8 to line 73, col 8 of module FIFOBroadcast: 910053
@!@!@ENDMSG 2221 @!@!@
@!@!@STARTMSG 2221:0 @!@!@
  |line 73, col 14 to line 73, col 18 of module FIFOBroadcast: 910053
@!@!@ENDMSG 2221 @!@!@
@!@!@STARTMSG 2221:0 @!@!@
  line 74, col 8 to line 74, col 18 of module FIFOBroadcast: 990619
@!@!@ENDMSG 2221 @!@!@
@!@!@STARTMSG 2221:0 @!@!@
  |line 74, col 8 to line 74, col 8 of module FIFOBroadcast: 910053
@!@!@ENDMSG 2221 @!@!@
@!@!@STARTMSG 2221:0 @!@!@
  |line 74, col 14 to line 74, col 18 of module FIFOBroadcast: 910053
@!@!@ENDMSG 2221 @!@!@
@!@!@STARTMSG 2221:0 @!@!@
  line 77, col 12 to line 77, col 25 of module FIFOBroadcast: 990619
@!@!@ENDMSG 2221 @!@!@
@!@!@STARTMSG 2221:0 @!@!@
  |line 77, col 12 to line 77, col 13 of module FIFOBroadcast: 910053
@!@!@ENDMSG 2221 @!@!@
@!@!@STARTMSG 2221:0 @!@!@
  |line 77, col 19 to line 77, col 25 of module FIFOBroadcast: 910053
@!@!@ENDMSG 2221 @!@!@
@!@!@STARTMSG 2221:0 @!@!@
  line 78, col 12 to line 78, col 33 of module FIFOBroadcast: 259502
@!@!@ENDMSG 2221 @!@!@
@!@!@STARTMSG 2221:0 @!@!@
  |line 78, col 12 to line 78, col 13 of module FIFOBroadcast: 178936
@!@!@ENDMSG 2221 @!@!@
@!@!@STARTMSG 2221:0 @!@!@
  |line 78, col 22 to line 78, col 33 of module FIFOBroadcast: 178936
@!@!@ENDMSG 2221 @!@!@
@!@!@STARTMSG 2221:0 @!@!@
  line 79, col 12 to line 79, col 51 of module FIFOBroadcast: 80566
@!@!@ENDMSG 2221 @!@!@
@!@!@STARTMSG 2221:0 @!@!@
  line 80, col 12 to line 80, col 28 of module FIFOBroadcast: 80566
@!@!@ENDMSG 2221 @!@!@
@!@!@STARTMSG 2221:0 @!@!@
  line 141, col 27 to line 141, col 27 of module FIFOBroadcast: 910053
@!@!@ENDMSG 2221 @!@!@
@!@!@STARTMSG 2221:0 @!@!@
  line 141, col 30 to line 141, col 30 of module FIFOBroadcast: 910053
@!@!@ENDMSG 2221 @!@!@
@!@!@STARTMSG 2221:0 @!@!@
  line 141, col 33 to line 141, col 38 of module FIFOBroadcast: 910053
@!@!@ENDMSG 2221 @!@!@
@!@!@STARTMSG 2221:0 @!@!@
  line 142, col 16 to line 142, col 99 of module FIFOBroadcast: 80566
@!@!@ENDMSG 2221 @!@!@
@!@!@STARTMSG 2221:0 @!@!@
  line 143, col 8 to line 143, col 87 of module FIFOBroadcast: 80566
@!@!@ENDMSG 2221 @!@!@
@!@!@STARTMSG 2221:0 @!@!@
  line 144, col 8 to line 144, col 66 of module FIFOBroadcast: 80566
@!@!@ENDMSG 2221 @!@!@
@!@!@STARTMSG 2772:0 @!@!@
<beb_fail line 146, col 1 to line 146, col 11 of module FIFOBroadcast>: 5622:372141
@!@!@ENDMSG 2772 @!@!@
@!@!@STARTMSG 2221:0 @!@!@
  line 147, col 8 to line 147, col 23 of module FIFOBroadcast: 2600613
@!@!@ENDMSG 2221 @!@!@
@!@!@STARTMSG 2221:0 @!@!@
  |line 147, col 8 to line 147, col 8 of module FIFOBroadcast: 2228472
@!@!@ENDMSG 2221 @!@!@
@!@!@STARTMSG 2221:0 @!@!@
  |line 147, col 17 to line 147, col 23 of module FIFOBroadcast: 2228472
@!@!@ENDMSG 2221 @!@!@
@!@!@STARTMSG 2221:0 @!@!@
  line 148, col 8 to line 148, col 25 of module FIFOBroadcast: 1114965
@!@!@ENDMSG 2221 @!@!@
@!@!@STARTMSG 2221:0 @!@!@
  |line 148, col 8 to line 148, col 8 of module FIFOBroadcast: 742824
@!@!@ENDMSG 2221 @!@!@
@!@!@STARTMSG 2221:0 @!@!@
  |line 148, col 17 to line 148, col 25 of module FIFOBroadcast: 742824
@!@!@ENDMSG 2221 @!@!@
@!@!@STARTMSG 2221:0 @!@!@
  line 149, col 8 to line 149, col 40 of module FIFOBroadcast: 372141
@!@!@ENDMSG 2221 @!@!@
@!@!@STARTMSG 2221:0 @!@!@
  line 150, col 8 to line 150, col 88 of module FIFOBroadcast: 372141
@!@!@ENDMSG 2221 @!@!@
@!@!@STARTMSG 2774:0 @!@!@
<TypeInv line 177, col 1 to line 177, col 7 of module FIFOBroadcast>
@!@!@ENDMSG 2774 @!@!@
@!@!@STARTMSG 2221:0 @!@!@
  line 178, col 5 to line 182, col 43 of module FIFOBroadcast: 27422
@!@!@ENDMSG 2221 @!@!@
@!@!@STARTMSG 2774:0 @!@!@
<Action line 194, col 7 to line 195, col 68 of module FIFOBroadcast>
@!@!@ENDMSG 2774 @!@!@
@!@!@STARTMSG 2221:0 @!@!@
  line 194, col 7 to line 195, col 68 of module FIFOBroadcast: 27422
@!@!@ENDMSG 2221 @!@!@
@!@!@STARTMSG 2221:0 @!@!@
  |line 195, col 9 to line 195, col 68 of module FIFOBroadcast: 118044
@!@!@ENDMSG 2221 @!@!@
@!@!@STARTMSG 2221:0 @!@!@
  |line 194, col 16 to line 194, col 37 of module FIFOBroadcast: 27422
@!@!@ENDMSG 2221 @!@!@
@!@!@STARTMSG 2774:0 @!@!@
<Action line 200, col 28 to line 200, col 84 of module FIFOBroadcast>
@!@!@ENDMSG 2774 @!@!@
@!@!@STARTMSG 2221:0 @!@!@
  line 200, col 28 to line 200, col 84 of module FIFOBroadcast: 27422
@!@!@ENDMSG 2221 @!@!@
@!@!@STARTMSG 2774:0 @!@!@
<Action line 206, col 7 to line 209, col 48 of module FIFOBroadcast>
@!@!@ENDMSG 2774 @!@!@
@!@!@STARTMSG 2221:0 @!@!@
  line 206, col 7 to line 209, col 48 of module FIFOBroadcast: 27422
@!@!@ENDMSG 2221 @!@!@
@!@!@STARTMSG 2221:0 @!@!@
  |line 206, col 24 to line 209, col 48 of module FIFOBroadcast: 82266
@!@!@ENDMSG 2221 @!@!@
@!@!@STARTMSG 2221:0 @!@!@
  ||line 207, col 9 to line 209, col 48 of module FIFOBroadcast: 118044
@!@!@ENDMSG 2221 @!@!@
@!@!@STARTMSG 2221:0 @!@!@
  |||line 207, col 12 to line 207, col 19 of module FIFOBroadcast: 118044
@!@!@ENDMSG 2221 @!@!@
@!@!@STARTMSG 2221:0 @!@!@
  |||line 208, col 12 to line 209, col 48 of module FIFOBroadcast: 21708
@!@!@ENDMSG 2221 @!@!@
@!@!@STARTMSG 2221:0 @!@!@
  ||||line 209, col 13 to line 209, col 48 of module FIFOBroadcast: 38178
@!@!@ENDMSG 2221 @!@!@
@!@!@STARTMSG 2221:0 @!@!@
  |||||line 209, col 13 to line 209, col 26 of module FIFOBroadcast: 38178
@!@!@ENDMSG 2221 @!@!@
@!@!@STARTMSG 2221:0 @!@!@
  |||||line 209, col 32 to line 209, col 47 of module FIFOBroadcast: 34290
@!@!@ENDMSG 2221 @!@!@
@!@!@STARTMSG 2221:0 @!@!@
  ||||line 208, col 22 to line 208, col 42 of module FIFOBroadcast: 21708
@!@!@ENDMSG 2221 @!@!@
@!@!@STARTMSG 2221:0 @!@!@
  ||line 206, col 33 to line 206, col 53 of module FIFOBroadcast: 82266
@!@!@ENDMSG 2221 @!@!@
@!@!@STARTMSG 2221:0 @!@!@
  |line 206, col 16 to line 206, col 20 of module FIFOBroadcast: 27422
@!@!@ENDMSG 2221 @!@!@
@!@!@STARTMSG 2202:0 @!@!@
End of statistics.
@!@!@ENDMSG 2202 @!@!@
@!@!@STARTMSG 2200:0 @!@!@
Progress(14) at 2024-10-10 14:18:15: 530 803 states generated (2 453 634 s/min), 27 422 distinct states found (126 758 ds/min), 0 states left on queue.
@!@!@ENDMSG 2200 @!@!@
@!@!@STARTMSG 2199:0 @!@!@
530803 states generated, 27422 distinct states found, 0 states left on queue.
@!@!@ENDMSG 2199 @!@!@
@!@!@STARTMSG 2194:0 @!@!@
The depth of the complete state graph search is 14.
@!@!@ENDMSG 2194 @!@!@
@!@!@STARTMSG 2268:0 @!@!@
The average outdegree of the complete state graph is 1 (minimum is 0, the maximum 10 and the 95th percentile is 3).
@!@!@ENDMSG 2268 @!@!@
@!@!@STARTMSG 2186:0 @!@!@
Finished in 12987ms at (2024-10-10 14:18:15)
@!@!@ENDMSG 2186 @!@!@
