@!@!@STARTMSG 2262:0 @!@!@
TLC2 Version 2.20 of Day Month 20?? (rev: 9fc0166)
@!@!@ENDMSG 2262 @!@!@
@!@!@STARTMSG 2187:0 @!@!@
Running breadth-first search Model-Checking with fp 63 and seed 770042245894185273 with 1 worker on 10 cores with 3641MB heap and 64MB offheap memory [pid: 25926] (Mac OS X 14.6.1 aarch64, Amazon.com Inc. 11.0.21 x86_64, MSBDiskFPSet, DiskStateQueue).
@!@!@ENDMSG 2187 @!@!@
@!@!@STARTMSG 2220:0 @!@!@
Starting SANY...
@!@!@ENDMSG 2220 @!@!@
Parsing file /Users/jonasspenger/work/dare-project-tlaplus/PerfectPointToPointLinks/PerfectPointToPointLinks.tla
Parsing file /private/var/folders/tk/4dct8fcx1nqbzrrnljm9_8c80000gn/T/tlc-7834127692850282401/Naturals.tla (jar:file:/Users/jonasspenger/.vscode/extensions/tlaplus.vscode-ide-2024.10.81803/tools/tla2tools.jar!/tla2sany/StandardModules/Naturals.tla)
Parsing file /private/var/folders/tk/4dct8fcx1nqbzrrnljm9_8c80000gn/T/tlc-7834127692850282401/FiniteSets.tla (jar:file:/Users/jonasspenger/.vscode/extensions/tlaplus.vscode-ide-2024.10.81803/tools/tla2tools.jar!/tla2sany/StandardModules/FiniteSets.tla)

Fatal errors while parsing TLA+ spec in file PerfectPointToPointLinks

tla2sany.semantic.AbortException
*** Abort messages: 1

Unknown location

Cannot find source file for module TLAPS imported in module PerfectPointToPointLinks.


@!@!@STARTMSG 2219:0 @!@!@
SANY finished.
@!@!@ENDMSG 2219 @!@!@
@!@!@STARTMSG 2185:0 @!@!@
Starting... (2024-10-10 13:26:30)
@!@!@ENDMSG 2185 @!@!@
@!@!@STARTMSG 3002:1 @!@!@
Parsing or semantic analysis failed.
@!@!@ENDMSG 3002 @!@!@
@!@!@STARTMSG 2186:0 @!@!@
Finished in 208ms at (2024-10-10 13:26:30)
@!@!@ENDMSG 2186 @!@!@
